;  LST file generated by mikroListExporter - v.2.0 
; Date/Time: 26/04/2013 11:52:10
;----------------------------------------------

;Address Opcode 	ASM
0x0000	0x2821      	GOTO       33
_interrupt:
0x0004	0x018A      	CLRF       PCLATH
0x0005	0x0183      	CLRF       STATUS
;RTCA Pic Reset Trigger.c,21 :: 		void interrupt() {
;RTCA Pic Reset Trigger.c,22 :: 		if(INTCON.INTF == 1 ){
0x0006	0x1C8B      	BTFSS      INTCON, 1
0x0007	0x2817      	GOTO       L_interrupt0
;RTCA Pic Reset Trigger.c,24 :: 		PORTA.B4 = 1;
0x0008	0x0020      	MOVLB      0
0x0009	0x160C      	BSF        PORTA, 4
;RTCA Pic Reset Trigger.c,25 :: 		PORTA.B5 = 0;
0x000A	0x128C      	BCF        PORTA, 5
;RTCA Pic Reset Trigger.c,26 :: 		Delay_ms(500);
0x000B	0x3006      	MOVLW      6
0x000C	0x00FC      	MOVWF      R12
0x000D	0x3030      	MOVLW      48
0x000E	0x00FD      	MOVWF      R13
L_interrupt1:
0x000F	0x0BFD      	DECFSZ     R13, 1
0x0010	0x280F      	GOTO       L_interrupt1
0x0011	0x0BFC      	DECFSZ     R12, 1
0x0012	0x280F      	GOTO       L_interrupt1
0x0013	0x0000      	NOP
;RTCA Pic Reset Trigger.c,27 :: 		PORTA.B4 = 0;
0x0014	0x120C      	BCF        PORTA, 4
;RTCA Pic Reset Trigger.c,28 :: 		PORTA.B5 = 1;
0x0015	0x168C      	BSF        PORTA, 5
;RTCA Pic Reset Trigger.c,30 :: 		INTCON.INTF = 0;       // Clear Interrupt Flag
0x0016	0x108B      	BCF        INTCON, 1
;RTCA Pic Reset Trigger.c,31 :: 		}
L_interrupt0:
;RTCA Pic Reset Trigger.c,32 :: 		}
L_end_interrupt:
L__interrupt4:
0x0017	0x0009      	RETFIE     %s
; end of _interrupt
___CC2DW:
;__Lib_System.c,71 :: 		
;__Lib_System.c,73 :: 		
_CC2DL_Loop1:
;__Lib_System.c,74 :: 		
0x0018	0x0012      	MOVIW      INDF0++ 
;__Lib_System.c,75 :: 		
0x0019	0x001E      	MOVWI      INDF1++ 
;__Lib_System.c,76 :: 		
0x001A	0x03F0      	DECF       R0, 1
;__Lib_System.c,77 :: 		
0x001B	0x1D03      	BTFSS      STATUS, 2
;__Lib_System.c,78 :: 		
0x001C	0x2818      	GOTO       _CC2DL_Loop1
;__Lib_System.c,79 :: 		
0x001D	0x03F1      	DECF       R1, 1
;__Lib_System.c,80 :: 		
0x001E	0x1D03      	BTFSS      STATUS, 2
;__Lib_System.c,81 :: 		
0x001F	0x2818      	GOTO       _CC2DL_Loop1
;__Lib_System.c,83 :: 		
L_end___CC2DW:
0x0020	0x0008      	RETURN
; end of ___CC2DW
_main:
;RTCA Pic Reset Trigger.c,3 :: 		void main() {
;RTCA Pic Reset Trigger.c,5 :: 		IRCF0_bit = 1;
0x0021	0x0021      	MOVLB      1
0x0022	0x1599      	BSF        IRCF0_bit, BitPos(IRCF0_bit+0)
;RTCA Pic Reset Trigger.c,6 :: 		IRCF1_bit = 0;
0x0023	0x1219      	BCF        IRCF1_bit, BitPos(IRCF1_bit+0)
;RTCA Pic Reset Trigger.c,7 :: 		IRCF2_bit = 0;
0x0024	0x1299      	BCF        IRCF2_bit, BitPos(IRCF2_bit+0)
;RTCA Pic Reset Trigger.c,8 :: 		IRCF3_bit = 0;
0x0025	0x1319      	BCF        IRCF3_bit, BitPos(IRCF3_bit+0)
;RTCA Pic Reset Trigger.c,11 :: 		ANSELA = 0x00;
0x0026	0x0023      	MOVLB      3
0x0027	0x018C      	CLRF       ANSELA
;RTCA Pic Reset Trigger.c,12 :: 		TRISA = 0b00000100;
0x0028	0x3004      	MOVLW      4
0x0029	0x0021      	MOVLB      1
0x002A	0x008C      	MOVWF      TRISA
;RTCA Pic Reset Trigger.c,14 :: 		PORTA.B4 = 0;
0x002B	0x0020      	MOVLB      0
0x002C	0x120C      	BCF        PORTA, 4
;RTCA Pic Reset Trigger.c,15 :: 		PORTA.B5 = 1;
0x002D	0x168C      	BSF        PORTA, 5
;RTCA Pic Reset Trigger.c,17 :: 		INTCON = 0b10010000;
0x002E	0x3090      	MOVLW      144
0x002F	0x008B      	MOVWF      INTCON
;RTCA Pic Reset Trigger.c,18 :: 		OPTION_REG.INTEDG = 0; // trigger INT on rising edge
0x0030	0x0021      	MOVLB      1
0x0031	0x1315      	BCF        OPTION_REG, 6
;RTCA Pic Reset Trigger.c,19 :: 		}
L_end_main:
0x0032	0x2832      	GOTO       $+0
; end of _main
Symbol List:
//** Routines locations **
//ADDRESS    SIZE    PROCEDURE
//----------------------------------------------
0x0004      [20]    _interrupt
0x0018       [9]    ___CC2DW
0x0021      [18]    _main
//** Variables locations ** 
//ADDRESS    SIZE    VARIABLE
//----------------------------------------------
0x0000       [1]    INDF0
0x0001       [1]    INDF1
0x0003       [1]    STATUS
0x0004       [1]    FSR0L
0x0005       [1]    FSR0H
0x0006       [1]    FSR1L
0x0007       [1]    FSR1H
0x000A       [1]    PCLATH
0x000B       [1]    INTCON
0x000C       [1]    PORTA
0x0070       [1]    R0
0x0071       [1]    R1
0x0072       [1]    R2
0x0073       [1]    R3
0x0074       [1]    R4
0x0075       [1]    R5
0x0076       [1]    R6
0x0077       [1]    R7
0x0078       [1]    R8
0x0079       [1]    R9
0x007A       [1]    R10
0x007B       [1]    R11
0x007C       [1]    R12
0x007D       [1]    R13
0x007E       [1]    R14
0x007F       [1]    R15
0x008C       [1]    TRISA
0x0095       [1]    OPTION_REG
0x0099       [0]    IRCF2_bit
0x0099       [0]    IRCF1_bit
0x0099       [0]    IRCF3_bit
0x0099       [0]    IRCF0_bit
0x018C       [1]    ANSELA
//** Label List: ** 
//----------------------------------------------
  L_interrupt0
  L_interrupt1
  L_end_main
  _main
  L_end_interrupt
  _interrupt
  L__interrupt4
  L_CA2A_Loop
  L_CA2AW_Loop
  L_CS2S_Loop
  L_CS2S_End
  L_FZinS_Loop
  L_FZinS_End
  _CC2D_Loop1
  _CC2DL_Loop1
  L_end_____DoIFC
  _____DoIFC
  L_end___CA2A
  ___CA2A
  L_end___CA2AW
  ___CA2AW
  L_end___CS2S
  ___CS2S
  L_end___FZinS
  ___FZinS
  L_end___CC2D
  ___CC2D
  L_end___CC2DW
  ___CC2DW
  L_end_Swap
  _Swap
  L_interrupt0
  L_interrupt1
  L_end_main
  _main
  L_end_interrupt
  _interrupt
  L__interrupt4
